<?xml version="1.0" encoding="UTF-8"?>
<testng-results ignored="0" total="10" passed="8" failed="2" skipped="0">
  <reporter-output>
  </reporter-output>
  <suite started-at="2021-08-12T16:41:00 IST" name="Suite" finished-at="2021-08-12T16:41:45 IST" duration-ms="45284">
    <groups>
      <group name="abc">
        <method signature="SauceTest.loginLogoutSaucePortal1()[pri:0, instance:com.af.tests.SauceTest@732c2a62]" name="loginLogoutSaucePortal1" class="com.af.tests.SauceTest"/>
        <method signature="SauceTest.loginLogoutSaucePortal2()[pri:0, instance:com.af.tests.SauceTest@732c2a62]" name="loginLogoutSaucePortal2" class="com.af.tests.SauceTest"/>
        <method signature="SauceTest.loginLogoutSaucePortal4()[pri:0, instance:com.af.tests.SauceTest@732c2a62]" name="loginLogoutSaucePortal4" class="com.af.tests.SauceTest"/>
      </group> <!-- abc -->
      <group name="def">
        <method signature="SauceTest.loginLogoutSaucePortal3()[pri:0, instance:com.af.tests.SauceTest@732c2a62]" name="loginLogoutSaucePortal3" class="com.af.tests.SauceTest"/>
      </group> <!-- def -->
      <group name="reg">
        <method signature="SauceTest.loginLogoutSaucePortal()[pri:0, instance:com.af.tests.SauceTest@732c2a62]" name="loginLogoutSaucePortal" class="com.af.tests.SauceTest"/>
      </group> <!-- reg -->
      <group name="xyz">
        <method signature="SauceTest.loginLogoutSaucePortal5()[pri:0, instance:com.af.tests.SauceTest@732c2a62]" name="loginLogoutSaucePortal5" class="com.af.tests.SauceTest"/>
        <method signature="SauceTest.loginLogoutSaucePortal6()[pri:0, instance:com.af.tests.SauceTest@732c2a62]" name="loginLogoutSaucePortal6" class="com.af.tests.SauceTest"/>
        <method signature="SauceTest.loginLogoutSaucePortal7()[pri:0, instance:com.af.tests.SauceTest@732c2a62]" name="loginLogoutSaucePortal7" class="com.af.tests.SauceTest"/>
        <method signature="SauceTest.loginLogoutSaucePortal8()[pri:0, instance:com.af.tests.SauceTest@732c2a62]" name="loginLogoutSaucePortal8" class="com.af.tests.SauceTest"/>
      </group> <!-- xyz -->
      <group name="sanity">
        <method signature="SauceTest.loginLogoutSaucePortal()[pri:0, instance:com.af.tests.SauceTest@732c2a62]" name="loginLogoutSaucePortal" class="com.af.tests.SauceTest"/>
      </group> <!-- sanity -->
    </groups>
    <test started-at="2021-08-12T16:41:00 IST" name="Test" finished-at="2021-08-12T16:41:45 IST" duration-ms="45284">
      <class name="com.af.tests.SauceTest">
        <test-method is-config="true" signature="setUp()[pri:0, instance:com.af.tests.SauceTest@732c2a62]" started-at="2021-08-12T16:41:00 IST" name="setUp" finished-at="2021-08-12T16:41:13 IST" duration-ms="13388" status="PASS">
          <reporter-output>
          </reporter-output>
        </test-method> <!-- setUp -->
        <test-method is-config="true" signature="setUp()[pri:0, instance:com.af.tests.SauceTest@732c2a62]" started-at="2021-08-12T16:41:00 IST" name="setUp" finished-at="2021-08-12T16:41:14 IST" duration-ms="13518" status="PASS">
          <reporter-output>
          </reporter-output>
        </test-method> <!-- setUp -->
        <test-method is-config="true" signature="setUp()[pri:0, instance:com.af.tests.SauceTest@732c2a62]" started-at="2021-08-12T16:41:00 IST" name="setUp" finished-at="2021-08-12T16:41:14 IST" duration-ms="13576" status="PASS">
          <reporter-output>
          </reporter-output>
        </test-method> <!-- setUp -->
        <test-method is-config="true" signature="setUp()[pri:0, instance:com.af.tests.SauceTest@732c2a62]" started-at="2021-08-12T16:41:00 IST" name="setUp" finished-at="2021-08-12T16:41:13 IST" duration-ms="13393" status="PASS">
          <reporter-output>
          </reporter-output>
        </test-method> <!-- setUp -->
        <test-method signature="getDataFromExcel()[pri:0, instance:com.af.tests.SauceTest@732c2a62]" started-at="2021-08-12T16:41:13 IST" name="getDataFromExcel" finished-at="2021-08-12T16:41:16 IST" duration-ms="2653" status="PASS">
          <reporter-output>
          </reporter-output>
        </test-method> <!-- getDataFromExcel -->
        <test-method signature="loginLogoutSaucePortal()[pri:0, instance:com.af.tests.SauceTest@732c2a62]" started-at="2021-08-12T16:41:13 IST" name="loginLogoutSaucePortal" description="Verify login functionality with valid credentials and validating cart icon in home page" finished-at="2021-08-12T16:41:17 IST" duration-ms="3041" status="PASS">
          <reporter-output>
          </reporter-output>
        </test-method> <!-- loginLogoutSaucePortal -->
        <test-method signature="loginLogoutSaucePortal1()[pri:0, instance:com.af.tests.SauceTest@732c2a62]" started-at="2021-08-12T16:41:14 IST" name="loginLogoutSaucePortal1" description="second Test case trying to see how it look in the logs" finished-at="2021-08-12T16:41:17 IST" duration-ms="2959" status="PASS">
          <reporter-output>
          </reporter-output>
        </test-method> <!-- loginLogoutSaucePortal1 -->
        <test-method signature="loginLogoutSaucePortal2()[pri:0, instance:com.af.tests.SauceTest@732c2a62]" started-at="2021-08-12T16:41:14 IST" name="loginLogoutSaucePortal2" finished-at="2021-08-12T16:41:17 IST" duration-ms="2905" status="PASS">
          <reporter-output>
          </reporter-output>
        </test-method> <!-- loginLogoutSaucePortal2 -->
        <test-method is-config="true" signature="tearDown()[pri:0, instance:com.af.tests.SauceTest@732c2a62]" started-at="2021-08-12T16:41:16 IST" name="tearDown" finished-at="2021-08-12T16:41:18 IST" duration-ms="1769" status="PASS">
          <reporter-output>
          </reporter-output>
        </test-method> <!-- tearDown -->
        <test-method is-config="true" signature="tearDown()[pri:0, instance:com.af.tests.SauceTest@732c2a62]" started-at="2021-08-12T16:41:17 IST" name="tearDown" finished-at="2021-08-12T16:41:18 IST" duration-ms="1459" status="PASS">
          <reporter-output>
          </reporter-output>
        </test-method> <!-- tearDown -->
        <test-method is-config="true" signature="tearDown()[pri:0, instance:com.af.tests.SauceTest@732c2a62]" started-at="2021-08-12T16:41:17 IST" name="tearDown" finished-at="2021-08-12T16:41:19 IST" duration-ms="1995" status="PASS">
          <reporter-output>
          </reporter-output>
        </test-method> <!-- tearDown -->
        <test-method is-config="true" signature="tearDown()[pri:0, instance:com.af.tests.SauceTest@732c2a62]" started-at="2021-08-12T16:41:17 IST" name="tearDown" finished-at="2021-08-12T16:41:18 IST" duration-ms="1240" status="PASS">
          <reporter-output>
          </reporter-output>
        </test-method> <!-- tearDown -->
        <test-method is-config="true" signature="setUp()[pri:0, instance:com.af.tests.SauceTest@732c2a62]" started-at="2021-08-12T16:41:18 IST" name="setUp" finished-at="2021-08-12T16:41:29 IST" duration-ms="11166" status="PASS">
          <reporter-output>
          </reporter-output>
        </test-method> <!-- setUp -->
        <test-method is-config="true" signature="setUp()[pri:0, instance:com.af.tests.SauceTest@732c2a62]" started-at="2021-08-12T16:41:18 IST" name="setUp" finished-at="2021-08-12T16:41:31 IST" duration-ms="12837" status="PASS">
          <reporter-output>
          </reporter-output>
        </test-method> <!-- setUp -->
        <test-method is-config="true" signature="setUp()[pri:0, instance:com.af.tests.SauceTest@732c2a62]" started-at="2021-08-12T16:41:18 IST" name="setUp" finished-at="2021-08-12T16:41:32 IST" duration-ms="13891" status="PASS">
          <reporter-output>
          </reporter-output>
        </test-method> <!-- setUp -->
        <test-method is-config="true" signature="setUp()[pri:0, instance:com.af.tests.SauceTest@732c2a62]" started-at="2021-08-12T16:41:19 IST" name="setUp" finished-at="2021-08-12T16:41:30 IST" duration-ms="11815" status="PASS">
          <reporter-output>
          </reporter-output>
        </test-method> <!-- setUp -->
        <test-method signature="loginLogoutSaucePortal3()[pri:0, instance:com.af.tests.SauceTest@732c2a62]" started-at="2021-08-12T16:41:29 IST" name="loginLogoutSaucePortal3" finished-at="2021-08-12T16:41:30 IST" duration-ms="852" status="PASS">
          <reporter-output>
          </reporter-output>
        </test-method> <!-- loginLogoutSaucePortal3 -->
        <test-method is-config="true" signature="tearDown()[pri:0, instance:com.af.tests.SauceTest@732c2a62]" started-at="2021-08-12T16:41:30 IST" name="tearDown" finished-at="2021-08-12T16:41:31 IST" duration-ms="1429" status="PASS">
          <reporter-output>
          </reporter-output>
        </test-method> <!-- tearDown -->
        <test-method signature="loginLogoutSaucePortal6()[pri:0, instance:com.af.tests.SauceTest@732c2a62]" started-at="2021-08-12T16:41:30 IST" name="loginLogoutSaucePortal6" finished-at="2021-08-12T16:41:32 IST" duration-ms="1194" status="FAIL">
          <exception class="org.openqa.selenium.NoSuchElementException">
            <message>
              <![CDATA[no such element: Unable to locate element: {"method":"xpath","selector":"//*[@id='shopping_cart_container']/a"}
  (Session info: chrome=92.0.4515.131)
For documentation on this error, please visit: https://www.seleniumhq.org/exceptions/no_such_element.html
Build info: version: '3.141.59', revision: 'e82be7d358', time: '2018-11-14T08:17:03'
System info: host: 'INBL01LAP04326', ip: '192.168.225.118', os.name: 'Windows 10', os.arch: 'amd64', os.version: '10.0', java.version: '15.0.2'
Driver info: org.openqa.selenium.chrome.ChromeDriver
Capabilities {acceptInsecureCerts: false, browserName: chrome, browserVersion: 92.0.4515.131, chrome: {chromedriverVersion: 92.0.4515.107 (87a818b10553..., userDataDir: C:\Users\DILEEP~1.KUM\AppDa...}, goog:chromeOptions: {debuggerAddress: localhost:56586}, javascriptEnabled: true, networkConnectionEnabled: false, pageLoadStrategy: normal, platform: WINDOWS, platformName: WINDOWS, proxy: Proxy(), setWindowRect: true, strictFileInteractability: false, timeouts: {implicit: 0, pageLoad: 300000, script: 30000}, unhandledPromptBehavior: dismiss and notify, webauthn:extension:credBlob: true, webauthn:extension:largeBlob: true, webauthn:virtualAuthenticators: true}
Session ID: d8c264fe17b20100cd38f3a3fcec4a5d
*** Element info: {Using=xpath, value=//*[@id='shopping_cart_container']/a}]]>
            </message>
            <full-stacktrace>
              <![CDATA[org.openqa.selenium.NoSuchElementException: no such element: Unable to locate element: {"method":"xpath","selector":"//*[@id='shopping_cart_container']/a"}
  (Session info: chrome=92.0.4515.131)
For documentation on this error, please visit: https://www.seleniumhq.org/exceptions/no_such_element.html
Build info: version: '3.141.59', revision: 'e82be7d358', time: '2018-11-14T08:17:03'
System info: host: 'INBL01LAP04326', ip: '192.168.225.118', os.name: 'Windows 10', os.arch: 'amd64', os.version: '10.0', java.version: '15.0.2'
Driver info: org.openqa.selenium.chrome.ChromeDriver
Capabilities {acceptInsecureCerts: false, browserName: chrome, browserVersion: 92.0.4515.131, chrome: {chromedriverVersion: 92.0.4515.107 (87a818b10553..., userDataDir: C:\Users\DILEEP~1.KUM\AppDa...}, goog:chromeOptions: {debuggerAddress: localhost:56586}, javascriptEnabled: true, networkConnectionEnabled: false, pageLoadStrategy: normal, platform: WINDOWS, platformName: WINDOWS, proxy: Proxy(), setWindowRect: true, strictFileInteractability: false, timeouts: {implicit: 0, pageLoad: 300000, script: 30000}, unhandledPromptBehavior: dismiss and notify, webauthn:extension:credBlob: true, webauthn:extension:largeBlob: true, webauthn:virtualAuthenticators: true}
Session ID: d8c264fe17b20100cd38f3a3fcec4a5d
*** Element info: {Using=xpath, value=//*[@id='shopping_cart_container']/a}
at java.base/jdk.internal.reflect.NativeConstructorAccessorImpl.newInstance0(Native Method)
at java.base/jdk.internal.reflect.NativeConstructorAccessorImpl.newInstance(NativeConstructorAccessorImpl.java:64)
at java.base/jdk.internal.reflect.DelegatingConstructorAccessorImpl.newInstance(DelegatingConstructorAccessorImpl.java:45)
at java.base/java.lang.reflect.Constructor.newInstanceWithCaller(Constructor.java:500)
at java.base/java.lang.reflect.Constructor.newInstance(Constructor.java:481)
at org.openqa.selenium.remote.http.W3CHttpResponseCodec.createException(W3CHttpResponseCodec.java:187)
at org.openqa.selenium.remote.http.W3CHttpResponseCodec.decode(W3CHttpResponseCodec.java:122)
at org.openqa.selenium.remote.http.W3CHttpResponseCodec.decode(W3CHttpResponseCodec.java:49)
at org.openqa.selenium.remote.HttpCommandExecutor.execute(HttpCommandExecutor.java:158)
at org.openqa.selenium.remote.service.DriverCommandExecutor.execute(DriverCommandExecutor.java:83)
at org.openqa.selenium.remote.RemoteWebDriver.execute(RemoteWebDriver.java:552)
at org.openqa.selenium.remote.RemoteWebDriver.findElement(RemoteWebDriver.java:323)
at org.openqa.selenium.remote.RemoteWebDriver.findElementByXPath(RemoteWebDriver.java:428)
at org.openqa.selenium.By$ByXPath.findElement(By.java:353)
at org.openqa.selenium.remote.RemoteWebDriver.findElement(RemoteWebDriver.java:315)
at com.af.pages.SauceHomePage.getcart(SauceHomePage.java:13)
at com.af.tests.SauceTest.loginLogoutSaucePortal6(SauceTest.java:84)
at java.base/jdk.internal.reflect.NativeMethodAccessorImpl.invoke0(Native Method)
at java.base/jdk.internal.reflect.NativeMethodAccessorImpl.invoke(NativeMethodAccessorImpl.java:64)
at java.base/jdk.internal.reflect.DelegatingMethodAccessorImpl.invoke(DelegatingMethodAccessorImpl.java:43)
at java.base/java.lang.reflect.Method.invoke(Method.java:564)
at org.testng.internal.MethodInvocationHelper.invokeMethod(MethodInvocationHelper.java:133)
at org.testng.internal.TestInvoker.invokeMethod(TestInvoker.java:598)
at org.testng.internal.TestInvoker.invokeTestMethod(TestInvoker.java:173)
at org.testng.internal.MethodRunner.runInSequence(MethodRunner.java:46)
at org.testng.internal.TestInvoker$MethodInvocationAgent.invoke(TestInvoker.java:824)
at org.testng.internal.TestInvoker.invokeTestMethods(TestInvoker.java:146)
at org.testng.internal.TestMethodWorker.invokeTestMethods(TestMethodWorker.java:146)
at org.testng.internal.TestMethodWorker.run(TestMethodWorker.java:128)
at java.base/java.util.concurrent.ThreadPoolExecutor.runWorker(ThreadPoolExecutor.java:1130)
at java.base/java.util.concurrent.ThreadPoolExecutor$Worker.run(ThreadPoolExecutor.java:630)
at java.base/java.lang.Thread.run(Thread.java:832)
]]>
            </full-stacktrace>
          </exception> <!-- org.openqa.selenium.NoSuchElementException -->
          <reporter-output>
          </reporter-output>
        </test-method> <!-- loginLogoutSaucePortal6 -->
        <test-method signature="loginLogoutSaucePortal4()[pri:0, instance:com.af.tests.SauceTest@732c2a62]" started-at="2021-08-12T16:41:31 IST" name="loginLogoutSaucePortal4" finished-at="2021-08-12T16:41:32 IST" duration-ms="1288" status="PASS">
          <reporter-output>
          </reporter-output>
        </test-method> <!-- loginLogoutSaucePortal4 -->
        <test-method is-config="true" signature="setUp()[pri:0, instance:com.af.tests.SauceTest@732c2a62]" started-at="2021-08-12T16:41:31 IST" name="setUp" finished-at="2021-08-12T16:41:41 IST" duration-ms="10033" status="PASS">
          <reporter-output>
          </reporter-output>
        </test-method> <!-- setUp -->
        <test-method signature="loginLogoutSaucePortal5()[pri:0, instance:com.af.tests.SauceTest@732c2a62]" started-at="2021-08-12T16:41:32 IST" name="loginLogoutSaucePortal5" finished-at="2021-08-12T16:41:34 IST" duration-ms="2389" status="PASS">
          <reporter-output>
          </reporter-output>
        </test-method> <!-- loginLogoutSaucePortal5 -->
        <test-method is-config="true" signature="tearDown()[pri:0, instance:com.af.tests.SauceTest@732c2a62]" started-at="2021-08-12T16:41:32 IST" name="tearDown" finished-at="2021-08-12T16:41:34 IST" duration-ms="1851" status="PASS">
          <reporter-output>
          </reporter-output>
        </test-method> <!-- tearDown -->
        <test-method is-config="true" signature="tearDown()[pri:0, instance:com.af.tests.SauceTest@732c2a62]" started-at="2021-08-12T16:41:32 IST" name="tearDown" finished-at="2021-08-12T16:41:34 IST" duration-ms="2088" status="PASS">
          <reporter-output>
          </reporter-output>
        </test-method> <!-- tearDown -->
        <test-method is-config="true" signature="setUp()[pri:0, instance:com.af.tests.SauceTest@732c2a62]" started-at="2021-08-12T16:41:34 IST" name="setUp" finished-at="2021-08-12T16:41:43 IST" duration-ms="9084" status="PASS">
          <reporter-output>
          </reporter-output>
        </test-method> <!-- setUp -->
        <test-method is-config="true" signature="tearDown()[pri:0, instance:com.af.tests.SauceTest@732c2a62]" started-at="2021-08-12T16:41:34 IST" name="tearDown" finished-at="2021-08-12T16:41:36 IST" duration-ms="1424" status="PASS">
          <reporter-output>
          </reporter-output>
        </test-method> <!-- tearDown -->
        <test-method signature="loginLogoutSaucePortal7()[pri:0, instance:com.af.tests.SauceTest@732c2a62]" started-at="2021-08-12T16:41:41 IST" name="loginLogoutSaucePortal7" finished-at="2021-08-12T16:41:42 IST" duration-ms="715" status="PASS">
          <reporter-output>
          </reporter-output>
        </test-method> <!-- loginLogoutSaucePortal7 -->
        <test-method is-config="true" signature="tearDown()[pri:0, instance:com.af.tests.SauceTest@732c2a62]" started-at="2021-08-12T16:41:42 IST" name="tearDown" finished-at="2021-08-12T16:41:43 IST" duration-ms="1155" status="PASS">
          <reporter-output>
          </reporter-output>
        </test-method> <!-- tearDown -->
        <test-method signature="loginLogoutSaucePortal8()[pri:0, instance:com.af.tests.SauceTest@732c2a62]" started-at="2021-08-12T16:41:43 IST" name="loginLogoutSaucePortal8" finished-at="2021-08-12T16:41:44 IST" duration-ms="682" status="FAIL">
          <exception class="org.openqa.selenium.NoSuchElementException">
            <message>
              <![CDATA[no such element: Unable to locate element: {"method":"xpath","selector":"//*[@id='shopping_cart_container']/a"}
  (Session info: chrome=92.0.4515.131)
For documentation on this error, please visit: https://www.seleniumhq.org/exceptions/no_such_element.html
Build info: version: '3.141.59', revision: 'e82be7d358', time: '2018-11-14T08:17:03'
System info: host: 'INBL01LAP04326', ip: '192.168.225.118', os.name: 'Windows 10', os.arch: 'amd64', os.version: '10.0', java.version: '15.0.2'
Driver info: org.openqa.selenium.chrome.ChromeDriver
Capabilities {acceptInsecureCerts: false, browserName: chrome, browserVersion: 92.0.4515.131, chrome: {chromedriverVersion: 92.0.4515.107 (87a818b10553..., userDataDir: C:\Users\DILEEP~1.KUM\AppDa...}, goog:chromeOptions: {debuggerAddress: localhost:52778}, javascriptEnabled: true, networkConnectionEnabled: false, pageLoadStrategy: normal, platform: WINDOWS, platformName: WINDOWS, proxy: Proxy(), setWindowRect: true, strictFileInteractability: false, timeouts: {implicit: 0, pageLoad: 300000, script: 30000}, unhandledPromptBehavior: dismiss and notify, webauthn:extension:credBlob: true, webauthn:extension:largeBlob: true, webauthn:virtualAuthenticators: true}
Session ID: 27df861e82100242e54c146c08f0b04b
*** Element info: {Using=xpath, value=//*[@id='shopping_cart_container']/a}]]>
            </message>
            <full-stacktrace>
              <![CDATA[org.openqa.selenium.NoSuchElementException: no such element: Unable to locate element: {"method":"xpath","selector":"//*[@id='shopping_cart_container']/a"}
  (Session info: chrome=92.0.4515.131)
For documentation on this error, please visit: https://www.seleniumhq.org/exceptions/no_such_element.html
Build info: version: '3.141.59', revision: 'e82be7d358', time: '2018-11-14T08:17:03'
System info: host: 'INBL01LAP04326', ip: '192.168.225.118', os.name: 'Windows 10', os.arch: 'amd64', os.version: '10.0', java.version: '15.0.2'
Driver info: org.openqa.selenium.chrome.ChromeDriver
Capabilities {acceptInsecureCerts: false, browserName: chrome, browserVersion: 92.0.4515.131, chrome: {chromedriverVersion: 92.0.4515.107 (87a818b10553..., userDataDir: C:\Users\DILEEP~1.KUM\AppDa...}, goog:chromeOptions: {debuggerAddress: localhost:52778}, javascriptEnabled: true, networkConnectionEnabled: false, pageLoadStrategy: normal, platform: WINDOWS, platformName: WINDOWS, proxy: Proxy(), setWindowRect: true, strictFileInteractability: false, timeouts: {implicit: 0, pageLoad: 300000, script: 30000}, unhandledPromptBehavior: dismiss and notify, webauthn:extension:credBlob: true, webauthn:extension:largeBlob: true, webauthn:virtualAuthenticators: true}
Session ID: 27df861e82100242e54c146c08f0b04b
*** Element info: {Using=xpath, value=//*[@id='shopping_cart_container']/a}
at java.base/jdk.internal.reflect.NativeConstructorAccessorImpl.newInstance0(Native Method)
at java.base/jdk.internal.reflect.NativeConstructorAccessorImpl.newInstance(NativeConstructorAccessorImpl.java:64)
at java.base/jdk.internal.reflect.DelegatingConstructorAccessorImpl.newInstance(DelegatingConstructorAccessorImpl.java:45)
at java.base/java.lang.reflect.Constructor.newInstanceWithCaller(Constructor.java:500)
at java.base/java.lang.reflect.Constructor.newInstance(Constructor.java:481)
at org.openqa.selenium.remote.http.W3CHttpResponseCodec.createException(W3CHttpResponseCodec.java:187)
at org.openqa.selenium.remote.http.W3CHttpResponseCodec.decode(W3CHttpResponseCodec.java:122)
at org.openqa.selenium.remote.http.W3CHttpResponseCodec.decode(W3CHttpResponseCodec.java:49)
at org.openqa.selenium.remote.HttpCommandExecutor.execute(HttpCommandExecutor.java:158)
at org.openqa.selenium.remote.service.DriverCommandExecutor.execute(DriverCommandExecutor.java:83)
at org.openqa.selenium.remote.RemoteWebDriver.execute(RemoteWebDriver.java:552)
at org.openqa.selenium.remote.RemoteWebDriver.findElement(RemoteWebDriver.java:323)
at org.openqa.selenium.remote.RemoteWebDriver.findElementByXPath(RemoteWebDriver.java:428)
at org.openqa.selenium.By$ByXPath.findElement(By.java:353)
at org.openqa.selenium.remote.RemoteWebDriver.findElement(RemoteWebDriver.java:315)
at com.af.pages.SauceHomePage.getcart(SauceHomePage.java:13)
at com.af.tests.SauceTest.loginLogoutSaucePortal8(SauceTest.java:104)
at java.base/jdk.internal.reflect.NativeMethodAccessorImpl.invoke0(Native Method)
at java.base/jdk.internal.reflect.NativeMethodAccessorImpl.invoke(NativeMethodAccessorImpl.java:64)
at java.base/jdk.internal.reflect.DelegatingMethodAccessorImpl.invoke(DelegatingMethodAccessorImpl.java:43)
at java.base/java.lang.reflect.Method.invoke(Method.java:564)
at org.testng.internal.MethodInvocationHelper.invokeMethod(MethodInvocationHelper.java:133)
at org.testng.internal.TestInvoker.invokeMethod(TestInvoker.java:598)
at org.testng.internal.TestInvoker.invokeTestMethod(TestInvoker.java:173)
at org.testng.internal.MethodRunner.runInSequence(MethodRunner.java:46)
at org.testng.internal.TestInvoker$MethodInvocationAgent.invoke(TestInvoker.java:824)
at org.testng.internal.TestInvoker.invokeTestMethods(TestInvoker.java:146)
at org.testng.internal.TestMethodWorker.invokeTestMethods(TestMethodWorker.java:146)
at org.testng.internal.TestMethodWorker.run(TestMethodWorker.java:128)
at java.base/java.util.concurrent.ThreadPoolExecutor.runWorker(ThreadPoolExecutor.java:1130)
at java.base/java.util.concurrent.ThreadPoolExecutor$Worker.run(ThreadPoolExecutor.java:630)
at java.base/java.lang.Thread.run(Thread.java:832)
]]>
            </full-stacktrace>
          </exception> <!-- org.openqa.selenium.NoSuchElementException -->
          <reporter-output>
          </reporter-output>
        </test-method> <!-- loginLogoutSaucePortal8 -->
        <test-method is-config="true" signature="tearDown()[pri:0, instance:com.af.tests.SauceTest@732c2a62]" started-at="2021-08-12T16:41:44 IST" name="tearDown" finished-at="2021-08-12T16:41:45 IST" duration-ms="1457" status="PASS">
          <reporter-output>
          </reporter-output>
        </test-method> <!-- tearDown -->
      </class> <!-- com.af.tests.SauceTest -->
    </test> <!-- Test -->
  </suite> <!-- Suite -->
</testng-results>
